TN:
SF:/Users/raphaelgoncalves/Documents/API/express-swagger-template-master/src/api/v1/flights.js
FN:5,(anonymous_0)
FN:17,(anonymous_1)
FN:32,(anonymous_2)
FNF:3
FNH:0
FNDA:0,(anonymous_0)
FNDA:0,(anonymous_1)
FNDA:0,(anonymous_2)
DA:1,1
DA:2,1
DA:3,1
DA:5,1
DA:6,0
DA:7,0
DA:8,0
DA:9,0
DA:10,0
DA:12,0
DA:17,1
DA:18,0
DA:19,0
DA:22,0
DA:23,0
DA:24,0
DA:26,0
DA:27,0
DA:29,0
DA:32,1
DA:33,0
DA:34,0
DA:35,0
DA:36,0
DA:37,0
DA:39,0
DA:40,0
DA:42,0
DA:46,1
LF:29
LH:7
BRDA:9,0,0,0
BRDA:9,0,1,0
BRDA:22,1,0,0
BRDA:22,1,1,0
BRDA:23,2,0,0
BRDA:23,2,1,0
BRDA:24,3,0,0
BRDA:24,3,1,0
BRDA:39,4,0,0
BRDA:39,4,1,0
BRF:10
BRH:0
end_of_record
TN:
SF:/Users/raphaelgoncalves/Documents/API/express-swagger-template-master/src/api/v1/users.js
FN:6,(anonymous_0)
FN:17,(anonymous_1)
FN:20,(anonymous_2)
FN:29,(anonymous_3)
FN:50,(anonymous_4)
FNF:5
FNH:1
FNDA:0,(anonymous_0)
FNDA:0,(anonymous_1)
FNDA:0,(anonymous_2)
FNDA:0,(anonymous_3)
FNDA:2,(anonymous_4)
DA:1,1
DA:2,1
DA:3,1
DA:6,1
DA:7,0
DA:8,0
DA:14,0
DA:15,0
DA:16,0
DA:17,0
DA:19,0
DA:20,0
DA:23,0
DA:25,0
DA:29,1
DA:30,0
DA:32,0
DA:33,0
DA:35,0
DA:36,0
DA:37,0
DA:40,0
DA:43,0
DA:44,0
DA:50,1
DA:51,2
DA:52,2
DA:53,2
DA:54,2
DA:55,1
DA:57,1
DA:61,1
LF:32
LH:13
BRDA:16,0,0,0
BRDA:16,0,1,0
BRDA:19,1,0,0
BRDA:19,1,1,0
BRDA:33,2,0,0
BRDA:33,2,1,0
BRDA:33,3,0,0
BRDA:33,3,1,0
BRDA:33,3,2,0
BRDA:43,4,0,0
BRDA:43,4,1,0
BRDA:54,5,0,1
BRDA:54,5,1,1
BRF:13
BRH:2
end_of_record
TN:
SF:/Users/raphaelgoncalves/Documents/API/express-swagger-template-master/src/database/flights.js
FN:3,(anonymous_0)
FNF:1
FNH:1
FNDA:1,(anonymous_0)
DA:3,1
DA:4,1
DA:43,1
LF:3
LH:3
BRF:0
BRH:0
end_of_record
TN:
SF:/Users/raphaelgoncalves/Documents/API/express-swagger-template-master/src/database/index.js
FN:28,(anonymous_0)
FNF:1
FNH:1
FNDA:1,(anonymous_0)
DA:2,1
DA:3,1
DA:5,1
DA:6,1
DA:7,1
DA:8,1
DA:9,1
DA:10,1
DA:11,1
DA:12,1
DA:15,1
DA:17,1
DA:27,1
DA:29,1
DA:34,1
DA:35,1
DA:38,1
DA:39,1
DA:42,1
LF:19
LH:19
BRDA:5,0,0,1
BRDA:5,0,1,1
BRDA:6,1,0,0
BRDA:6,1,1,1
BRDA:7,2,0,0
BRDA:7,2,1,1
BRDA:8,3,0,0
BRDA:8,3,1,1
BRDA:9,4,0,0
BRDA:9,4,1,1
BRDA:10,5,0,0
BRDA:10,5,1,1
BRDA:11,6,0,0
BRDA:11,6,1,1
BRDA:12,7,0,0
BRDA:12,7,1,1
BRDA:15,8,0,1
BRDA:15,8,1,0
BRDA:15,9,0,0
BRDA:15,9,1,0
BRF:20
BRH:10
end_of_record
TN:
SF:/Users/raphaelgoncalves/Documents/API/express-swagger-template-master/src/database/users.js
FN:3,(anonymous_0)
FNF:1
FNH:1
FNDA:1,(anonymous_0)
DA:3,1
DA:4,1
DA:23,1
LF:3
LH:3
BRF:0
BRH:0
end_of_record
TN:
SF:/Users/raphaelgoncalves/Documents/API/express-swagger-template-master/src/lib/auth.js
FN:4,(anonymous_0)
FN:4,(anonymous_1)
FNF:2
FNH:0
FNDA:0,(anonymous_0)
FNDA:0,(anonymous_1)
DA:1,1
DA:2,1
DA:4,1
DA:5,0
DA:6,0
DA:8,0
DA:9,0
DA:12,0
DA:13,0
DA:14,0
DA:15,0
DA:17,0
DA:18,0
LF:13
LH:3
BRDA:8,0,0,0
BRDA:8,0,1,0
BRF:2
BRH:0
end_of_record
